

Microchip Technology PIC LITE Macro Assembler V2.00 build -1524193055 
                                                                                               Thu Mar 17 11:16:39 2022

Microchip Technology Omniscient Code Generator v2.00 (Free mode) build 20180527130849
     1  0000                     
      + 0000                     
     2                           ; Version 2.00
     3                           ; Generated 27/05/2018 GMT
     4                           
     5                           ; 
     6                           ; Copyright © 2018, Microchip Technology Inc. and its subsidiaries ("Microchip")
     7                           ; All rights reserved.
     8                           ; 
     9                           ; This software is developed by Microchip Technology Inc. and its subsidiaries ("Microch
                                 ip").
    10                           ; 
    11                           ; Redistribution and use in source and binary forms, with or without modification, are
    12                           ; permitted provided that the following conditions are met:
    13                           ; 
    14                           ;     1. Redistributions of source code must retain the above copyright notice, this lis
                                 t of
    15                           ;        conditions and the following disclaimer.
    16                           ; 
    17                           ;     2. Redistributions in binary form must reproduce the above copyright notice, this 
                                 list
    18                           ;        of conditions and the following disclaimer in the documentation and/or other
    19                           ;        materials provided with the distribution.
    20                           ; 
    21                           ;     3. Microchip's name may not be used to endorse or promote products derived from th
                                 is
    22                           ;        software without specific prior written permission.
    23                           ; 
    24                           ; THIS SOFTWARE IS PROVIDED BY MICROCHIP "AS IS" AND ANY EXPRESS OR IMPLIED WARRANTIES,

    25                           ; INCLUDING, BUT NOT LIMITED TO, THE IMPLIED WARRANTIES OF MERCHANTABILITY AND FITNESS F
                                 OR
    26                           ; PURPOSE ARE DISCLAIMED.  IN NO EVENT SHALL MICROCHIP BE LIABLE FOR ANY DIRECT, INDIREC
                                 T,
    27                           ; INCIDENTAL, SPECIAL, EXEMPLARY, OR CONSEQUENTIAL DAMAGES (INCLUDING BUT NOT LIMITED TO
                                 
    28                           ; PROCUREMENT OF SUBSTITUTE GOODS OR SERVICES; LOSS OF USE, DATA OR PROFITS; OR BUSINESS
                                 
    29                           ; INTERRUPTION) HOWSOEVER CAUSED AND ON ANY THEORY OF LIABILITY, WHETHER IN CONTRACT, ST
                                 RICT
    30                           ; LIABILITY, OR TORT (INCLUDING NEGLIGENCE OR OTHERWISE) ARISING IN ANY WAY OUT OF THE U
                                 SE OF
    31                           ; THIS SOFTWARE, EVEN IF ADVISED OF THE POSSIBILITY OF SUCH DAMAGE.
    32                           ; 
    33                           
    34                           
    35                           ; 
    36                           ; Code-generator required, PIC16F887 Definitions
    37                           ; 
    38  0004                     fsr0 equ 04h
    39  0004                     indf equ 00h
    40  0000                     indf0 equ 00h
    41  0000                     pc equ 02h
    42  0002                     pcl equ 02h
    43  0002                     pclath equ 0Ah
    44  000A                     status equ 03h
    45  0003                     
     2                           opt pagewidth 120
     3  0000                     byte0	macro	val
     4                           	(getbyte(val,0))
     5                           endm
     6  0000                     byte1	macro	val
     7                           	(getbyte(val,1))
     8                           endm
     9  0000                     byte2	macro	val
    10                           	(getbyte(val,2))
    11                           endm
    12  0000                     byte3	macro	val
    13                           	(getbyte(val,3))
    14                           endm
    15  0000                     byte4	macro	val
    16                           	(getbyte(val,4))
    17                           endm
    18  0000                     byte5	macro	val
    19                           	(getbyte(val,5))
    20                           endm
    21  0000                     byte6	macro	val
    22                           	(getbyte(val,6))
    23                           endm
    24  0000                     byte7	macro	val
    25                           	(getbyte(val,7))
    26                           endm
    27  0000                     getword	macro	val,pos
    28                           	(((val) >> (8 * pos)) and 0xffff)
    29                           endm
    30  0000                     word0	macro	val
    31                           	(getword(val,0))
    32                           endm
    33  0000                     word1	macro	val
    34                           	(getword(val,2))
    35                           endm
    36  0000                     word2	macro	val
    37                           	(getword(val,4))
    38                           endm
    39  0000                     word3	macro	val
    40                           	(getword(val,6))
    41                           endm
    42  0000                     gettword	macro	val,pos
    43                           	(((val) >> (8 * pos)) and 0xffffff)
    44                           endm
    45  0000                     tword0	macro	val
    46                           	(gettword(val,0))
    47                           endm
    48  0000                     tword1	macro	val
    49                           	(gettword(val,3))
    50                           endm
    51  0000                     tword2	macro	val
    52                           	(gettword(val,6))
    53                           endm
    54  0000                     getdword	macro	val,pos
    55                           	(((val) >> (8 * pos)) and 0xffffffff)
    56                           endm
    57  0000                     dword0	macro	val
    58                           	(getdword(val,0))
    59                           endm
    60  0000                     dword1	macro	val
    61                           	(getdword(val,4))
    62                           endm
    63  0000                     clrc	macro
    64                           	bcf	3,0
    65                           	endm
    66  0000                     clrz	macro
    67                           	bcf	3,2
    68                           	endm
    69  0000                     setc	macro
    70                           	bsf	3,0
    71                           	endm
    72  0000                     setz	macro
    73                           	bsf	3,2
    74                           	endm
    75  0000                     skipc	macro
    76                           	btfss	3,0
    77                           	endm
    78  0000                     skipz	macro
    79                           	btfss	3,2
    80                           	endm
    81  0000                     skipnc	macro
    82                           	btfsc	3,0
    83                           	endm
    84  0000                     skipnz	macro
    85                           	btfsc	3,2
    86                           	endm
    87  0000                     # 54 "C:\Program Files (x86)\Microchip\xc8\v2.00\pic\include\pic16f887.h"
    88                           INDF equ 00h ;# 
    89  0000                     # 61 "C:\Program Files (x86)\Microchip\xc8\v2.00\pic\include\pic16f887.h"
    90                           TMR0 equ 01h ;# 
    91  0001                     # 68 "C:\Program Files (x86)\Microchip\xc8\v2.00\pic\include\pic16f887.h"
    92                           PCL equ 02h ;# 
    93  0002                     # 75 "C:\Program Files (x86)\Microchip\xc8\v2.00\pic\include\pic16f887.h"
    94                           STATUS equ 03h ;# 
    95  0003                     # 161 "C:\Program Files (x86)\Microchip\xc8\v2.00\pic\include\pic16f887.h"
    96                           FSR equ 04h ;# 
    97  0004                     # 168 "C:\Program Files (x86)\Microchip\xc8\v2.00\pic\include\pic16f887.h"
    98                           PORTA equ 05h ;# 
    99  0005                     # 230 "C:\Program Files (x86)\Microchip\xc8\v2.00\pic\include\pic16f887.h"
   100                           PORTB equ 06h ;# 
   101  0006                     # 292 "C:\Program Files (x86)\Microchip\xc8\v2.00\pic\include\pic16f887.h"
   102                           PORTC equ 07h ;# 
   103  0007                     # 354 "C:\Program Files (x86)\Microchip\xc8\v2.00\pic\include\pic16f887.h"
   104                           PORTD equ 08h ;# 
   105  0008                     # 416 "C:\Program Files (x86)\Microchip\xc8\v2.00\pic\include\pic16f887.h"
   106                           PORTE equ 09h ;# 
   107  0009                     # 454 "C:\Program Files (x86)\Microchip\xc8\v2.00\pic\include\pic16f887.h"
   108                           PCLATH equ 0Ah ;# 
   109  000A                     # 461 "C:\Program Files (x86)\Microchip\xc8\v2.00\pic\include\pic16f887.h"
   110                           INTCON equ 0Bh ;# 
   111  000B                     # 539 "C:\Program Files (x86)\Microchip\xc8\v2.00\pic\include\pic16f887.h"
   112                           PIR1 equ 0Ch ;# 
   113  000C                     # 595 "C:\Program Files (x86)\Microchip\xc8\v2.00\pic\include\pic16f887.h"
   114                           PIR2 equ 0Dh ;# 
   115  000D                     # 652 "C:\Program Files (x86)\Microchip\xc8\v2.00\pic\include\pic16f887.h"
   116                           TMR1 equ 0Eh ;# 
   117  000E                     # 659 "C:\Program Files (x86)\Microchip\xc8\v2.00\pic\include\pic16f887.h"
   118                           TMR1L equ 0Eh ;# 
   119  000E                     # 666 "C:\Program Files (x86)\Microchip\xc8\v2.00\pic\include\pic16f887.h"
   120                           TMR1H equ 0Fh ;# 
   121  000F                     # 673 "C:\Program Files (x86)\Microchip\xc8\v2.00\pic\include\pic16f887.h"
   122                           T1CON equ 010h ;# 
   123  0010                     # 767 "C:\Program Files (x86)\Microchip\xc8\v2.00\pic\include\pic16f887.h"
   124                           TMR2 equ 011h ;# 
   125  0011                     # 774 "C:\Program Files (x86)\Microchip\xc8\v2.00\pic\include\pic16f887.h"
   126                           T2CON equ 012h ;# 
   127  0012                     # 845 "C:\Program Files (x86)\Microchip\xc8\v2.00\pic\include\pic16f887.h"
   128                           SSPBUF equ 013h ;# 
   129  0013                     # 852 "C:\Program Files (x86)\Microchip\xc8\v2.00\pic\include\pic16f887.h"
   130                           SSPCON equ 014h ;# 
   131  0014                     # 922 "C:\Program Files (x86)\Microchip\xc8\v2.00\pic\include\pic16f887.h"
   132                           CCPR1 equ 015h ;# 
   133  0015                     # 929 "C:\Program Files (x86)\Microchip\xc8\v2.00\pic\include\pic16f887.h"
   134                           CCPR1L equ 015h ;# 
   135  0015                     # 936 "C:\Program Files (x86)\Microchip\xc8\v2.00\pic\include\pic16f887.h"
   136                           CCPR1H equ 016h ;# 
   137  0016                     # 943 "C:\Program Files (x86)\Microchip\xc8\v2.00\pic\include\pic16f887.h"
   138                           CCP1CON equ 017h ;# 
   139  0017                     # 1040 "C:\Program Files (x86)\Microchip\xc8\v2.00\pic\include\pic16f887.h"
   140                           RCSTA equ 018h ;# 
   141  0018                     # 1135 "C:\Program Files (x86)\Microchip\xc8\v2.00\pic\include\pic16f887.h"
   142                           TXREG equ 019h ;# 
   143  0019                     # 1142 "C:\Program Files (x86)\Microchip\xc8\v2.00\pic\include\pic16f887.h"
   144                           RCREG equ 01Ah ;# 
   145  001A                     # 1149 "C:\Program Files (x86)\Microchip\xc8\v2.00\pic\include\pic16f887.h"
   146                           CCPR2 equ 01Bh ;# 
   147  001B                     # 1156 "C:\Program Files (x86)\Microchip\xc8\v2.00\pic\include\pic16f887.h"
   148                           CCPR2L equ 01Bh ;# 
   149  001B                     # 1163 "C:\Program Files (x86)\Microchip\xc8\v2.00\pic\include\pic16f887.h"
   150                           CCPR2H equ 01Ch ;# 
   151  001C                     # 1170 "C:\Program Files (x86)\Microchip\xc8\v2.00\pic\include\pic16f887.h"
   152                           CCP2CON equ 01Dh ;# 
   153  001D                     # 1240 "C:\Program Files (x86)\Microchip\xc8\v2.00\pic\include\pic16f887.h"
   154                           ADRESH equ 01Eh ;# 
   155  001E                     # 1247 "C:\Program Files (x86)\Microchip\xc8\v2.00\pic\include\pic16f887.h"
   156                           ADCON0 equ 01Fh ;# 
   157  001F                     # 1348 "C:\Program Files (x86)\Microchip\xc8\v2.00\pic\include\pic16f887.h"
   158                           OPTION_REG equ 081h ;# 
   159  0081                     # 1418 "C:\Program Files (x86)\Microchip\xc8\v2.00\pic\include\pic16f887.h"
   160                           TRISA equ 085h ;# 
   161  0085                     # 1480 "C:\Program Files (x86)\Microchip\xc8\v2.00\pic\include\pic16f887.h"
   162                           TRISB equ 086h ;# 
   163  0086                     # 1542 "C:\Program Files (x86)\Microchip\xc8\v2.00\pic\include\pic16f887.h"
   164                           TRISC equ 087h ;# 
   165  0087                     # 1604 "C:\Program Files (x86)\Microchip\xc8\v2.00\pic\include\pic16f887.h"
   166                           TRISD equ 088h ;# 
   167  0088                     # 1666 "C:\Program Files (x86)\Microchip\xc8\v2.00\pic\include\pic16f887.h"
   168                           TRISE equ 089h ;# 
   169  0089                     # 1704 "C:\Program Files (x86)\Microchip\xc8\v2.00\pic\include\pic16f887.h"
   170                           PIE1 equ 08Ch ;# 
   171  008C                     # 1760 "C:\Program Files (x86)\Microchip\xc8\v2.00\pic\include\pic16f887.h"
   172                           PIE2 equ 08Dh ;# 
   173  008D                     # 1817 "C:\Program Files (x86)\Microchip\xc8\v2.00\pic\include\pic16f887.h"
   174                           PCON equ 08Eh ;# 
   175  008E                     # 1864 "C:\Program Files (x86)\Microchip\xc8\v2.00\pic\include\pic16f887.h"
   176                           OSCCON equ 08Fh ;# 
   177  008F                     # 1929 "C:\Program Files (x86)\Microchip\xc8\v2.00\pic\include\pic16f887.h"
   178                           OSCTUNE equ 090h ;# 
   179  0090                     # 1981 "C:\Program Files (x86)\Microchip\xc8\v2.00\pic\include\pic16f887.h"
   180                           SSPCON2 equ 091h ;# 
   181  0091                     # 2043 "C:\Program Files (x86)\Microchip\xc8\v2.00\pic\include\pic16f887.h"
   182                           PR2 equ 092h ;# 
   183  0092                     # 2050 "C:\Program Files (x86)\Microchip\xc8\v2.00\pic\include\pic16f887.h"
   184                           SSPADD equ 093h ;# 
   185  0093                     # 2057 "C:\Program Files (x86)\Microchip\xc8\v2.00\pic\include\pic16f887.h"
   186                           SSPMSK equ 093h ;# 
   187  0093                     # 2062 "C:\Program Files (x86)\Microchip\xc8\v2.00\pic\include\pic16f887.h"
   188                           MSK equ 093h ;# 
   189  0093                     # 2179 "C:\Program Files (x86)\Microchip\xc8\v2.00\pic\include\pic16f887.h"
   190                           SSPSTAT equ 094h ;# 
   191  0094                     # 2348 "C:\Program Files (x86)\Microchip\xc8\v2.00\pic\include\pic16f887.h"
   192                           WPUB equ 095h ;# 
   193  0095                     # 2418 "C:\Program Files (x86)\Microchip\xc8\v2.00\pic\include\pic16f887.h"
   194                           IOCB equ 096h ;# 
   195  0096                     # 2488 "C:\Program Files (x86)\Microchip\xc8\v2.00\pic\include\pic16f887.h"
   196                           VRCON equ 097h ;# 
   197  0097                     # 2558 "C:\Program Files (x86)\Microchip\xc8\v2.00\pic\include\pic16f887.h"
   198                           TXSTA equ 098h ;# 
   199  0098                     # 2644 "C:\Program Files (x86)\Microchip\xc8\v2.00\pic\include\pic16f887.h"
   200                           SPBRG equ 099h ;# 
   201  0099                     # 2706 "C:\Program Files (x86)\Microchip\xc8\v2.00\pic\include\pic16f887.h"
   202                           SPBRGH equ 09Ah ;# 
   203  009A                     # 2776 "C:\Program Files (x86)\Microchip\xc8\v2.00\pic\include\pic16f887.h"
   204                           PWM1CON equ 09Bh ;# 
   205  009B                     # 2846 "C:\Program Files (x86)\Microchip\xc8\v2.00\pic\include\pic16f887.h"
   206                           ECCPAS equ 09Ch ;# 
   207  009C                     # 2928 "C:\Program Files (x86)\Microchip\xc8\v2.00\pic\include\pic16f887.h"
   208                           PSTRCON equ 09Dh ;# 
   209  009D                     # 2972 "C:\Program Files (x86)\Microchip\xc8\v2.00\pic\include\pic16f887.h"
   210                           ADRESL equ 09Eh ;# 
   211  009E                     # 2979 "C:\Program Files (x86)\Microchip\xc8\v2.00\pic\include\pic16f887.h"
   212                           ADCON1 equ 09Fh ;# 
   213  009F                     # 3013 "C:\Program Files (x86)\Microchip\xc8\v2.00\pic\include\pic16f887.h"
   214                           WDTCON equ 0105h ;# 
   215  0105                     # 3066 "C:\Program Files (x86)\Microchip\xc8\v2.00\pic\include\pic16f887.h"
   216                           CM1CON0 equ 0107h ;# 
   217  0107                     # 3131 "C:\Program Files (x86)\Microchip\xc8\v2.00\pic\include\pic16f887.h"
   218                           CM2CON0 equ 0108h ;# 
   219  0108                     # 3196 "C:\Program Files (x86)\Microchip\xc8\v2.00\pic\include\pic16f887.h"
   220                           CM2CON1 equ 0109h ;# 
   221  0109                     # 3247 "C:\Program Files (x86)\Microchip\xc8\v2.00\pic\include\pic16f887.h"
   222                           EEDATA equ 010Ch ;# 
   223  010C                     # 3252 "C:\Program Files (x86)\Microchip\xc8\v2.00\pic\include\pic16f887.h"
   224                           EEDAT equ 010Ch ;# 
   225  010C                     # 3259 "C:\Program Files (x86)\Microchip\xc8\v2.00\pic\include\pic16f887.h"
   226                           EEADR equ 010Dh ;# 
   227  010D                     # 3266 "C:\Program Files (x86)\Microchip\xc8\v2.00\pic\include\pic16f887.h"
   228                           EEDATH equ 010Eh ;# 
   229  010E                     # 3273 "C:\Program Files (x86)\Microchip\xc8\v2.00\pic\include\pic16f887.h"
   230                           EEADRH equ 010Fh ;# 
   231  010F                     # 3280 "C:\Program Files (x86)\Microchip\xc8\v2.00\pic\include\pic16f887.h"
   232                           SRCON equ 0185h ;# 
   233  0185                     # 3337 "C:\Program Files (x86)\Microchip\xc8\v2.00\pic\include\pic16f887.h"
   234                           BAUDCTL equ 0187h ;# 
   235  0187                     # 3389 "C:\Program Files (x86)\Microchip\xc8\v2.00\pic\include\pic16f887.h"
   236                           ANSEL equ 0188h ;# 
   237  0188                     # 3451 "C:\Program Files (x86)\Microchip\xc8\v2.00\pic\include\pic16f887.h"
   238                           ANSELH equ 0189h ;# 
   239  0189                     # 3501 "C:\Program Files (x86)\Microchip\xc8\v2.00\pic\include\pic16f887.h"
   240                           EECON1 equ 018Ch ;# 
   241  018C                     # 3546 "C:\Program Files (x86)\Microchip\xc8\v2.00\pic\include\pic16f887.h"
   242                           EECON2 equ 018Dh ;# 
   243  018D                     # 54 "C:\Program Files (x86)\Microchip\xc8\v2.00\pic\include\pic16f887.h"
   244                           INDF equ 00h ;# 
   245  0000                     # 61 "C:\Program Files (x86)\Microchip\xc8\v2.00\pic\include\pic16f887.h"
   246                           TMR0 equ 01h ;# 
   247  0001                     # 68 "C:\Program Files (x86)\Microchip\xc8\v2.00\pic\include\pic16f887.h"
   248                           PCL equ 02h ;# 
   249  0002                     # 75 "C:\Program Files (x86)\Microchip\xc8\v2.00\pic\include\pic16f887.h"
   250                           STATUS equ 03h ;# 
   251  0003                     # 161 "C:\Program Files (x86)\Microchip\xc8\v2.00\pic\include\pic16f887.h"
   252                           FSR equ 04h ;# 
   253  0004                     # 168 "C:\Program Files (x86)\Microchip\xc8\v2.00\pic\include\pic16f887.h"
   254                           PORTA equ 05h ;# 
   255  0005                     # 230 "C:\Program Files (x86)\Microchip\xc8\v2.00\pic\include\pic16f887.h"
   256                           PORTB equ 06h ;# 
   257  0006                     # 292 "C:\Program Files (x86)\Microchip\xc8\v2.00\pic\include\pic16f887.h"
   258                           PORTC equ 07h ;# 
   259  0007                     # 354 "C:\Program Files (x86)\Microchip\xc8\v2.00\pic\include\pic16f887.h"
   260                           PORTD equ 08h ;# 
   261  0008                     # 416 "C:\Program Files (x86)\Microchip\xc8\v2.00\pic\include\pic16f887.h"
   262                           PORTE equ 09h ;# 
   263  0009                     # 454 "C:\Program Files (x86)\Microchip\xc8\v2.00\pic\include\pic16f887.h"
   264                           PCLATH equ 0Ah ;# 
   265  000A                     # 461 "C:\Program Files (x86)\Microchip\xc8\v2.00\pic\include\pic16f887.h"
   266                           INTCON equ 0Bh ;# 
   267  000B                     # 539 "C:\Program Files (x86)\Microchip\xc8\v2.00\pic\include\pic16f887.h"
   268                           PIR1 equ 0Ch ;# 
   269  000C                     # 595 "C:\Program Files (x86)\Microchip\xc8\v2.00\pic\include\pic16f887.h"
   270                           PIR2 equ 0Dh ;# 
   271  000D                     # 652 "C:\Program Files (x86)\Microchip\xc8\v2.00\pic\include\pic16f887.h"
   272                           TMR1 equ 0Eh ;# 
   273  000E                     # 659 "C:\Program Files (x86)\Microchip\xc8\v2.00\pic\include\pic16f887.h"
   274                           TMR1L equ 0Eh ;# 
   275  000E                     # 666 "C:\Program Files (x86)\Microchip\xc8\v2.00\pic\include\pic16f887.h"
   276                           TMR1H equ 0Fh ;# 
   277  000F                     # 673 "C:\Program Files (x86)\Microchip\xc8\v2.00\pic\include\pic16f887.h"
   278                           T1CON equ 010h ;# 
   279  0010                     # 767 "C:\Program Files (x86)\Microchip\xc8\v2.00\pic\include\pic16f887.h"
   280                           TMR2 equ 011h ;# 
   281  0011                     # 774 "C:\Program Files (x86)\Microchip\xc8\v2.00\pic\include\pic16f887.h"
   282                           T2CON equ 012h ;# 
   283  0012                     # 845 "C:\Program Files (x86)\Microchip\xc8\v2.00\pic\include\pic16f887.h"
   284                           SSPBUF equ 013h ;# 
   285  0013                     # 852 "C:\Program Files (x86)\Microchip\xc8\v2.00\pic\include\pic16f887.h"
   286                           SSPCON equ 014h ;# 
   287  0014                     # 922 "C:\Program Files (x86)\Microchip\xc8\v2.00\pic\include\pic16f887.h"
   288                           CCPR1 equ 015h ;# 
   289  0015                     # 929 "C:\Program Files (x86)\Microchip\xc8\v2.00\pic\include\pic16f887.h"
   290                           CCPR1L equ 015h ;# 
   291  0015                     # 936 "C:\Program Files (x86)\Microchip\xc8\v2.00\pic\include\pic16f887.h"
   292                           CCPR1H equ 016h ;# 
   293  0016                     # 943 "C:\Program Files (x86)\Microchip\xc8\v2.00\pic\include\pic16f887.h"
   294                           CCP1CON equ 017h ;# 
   295  0017                     # 1040 "C:\Program Files (x86)\Microchip\xc8\v2.00\pic\include\pic16f887.h"
   296                           RCSTA equ 018h ;# 
   297  0018                     # 1135 "C:\Program Files (x86)\Microchip\xc8\v2.00\pic\include\pic16f887.h"
   298                           TXREG equ 019h ;# 
   299  0019                     # 1142 "C:\Program Files (x86)\Microchip\xc8\v2.00\pic\include\pic16f887.h"
   300                           RCREG equ 01Ah ;# 
   301  001A                     # 1149 "C:\Program Files (x86)\Microchip\xc8\v2.00\pic\include\pic16f887.h"
   302                           CCPR2 equ 01Bh ;# 
   303  001B                     # 1156 "C:\Program Files (x86)\Microchip\xc8\v2.00\pic\include\pic16f887.h"
   304                           CCPR2L equ 01Bh ;# 
   305  001B                     # 1163 "C:\Program Files (x86)\Microchip\xc8\v2.00\pic\include\pic16f887.h"
   306                           CCPR2H equ 01Ch ;# 
   307  001C                     # 1170 "C:\Program Files (x86)\Microchip\xc8\v2.00\pic\include\pic16f887.h"
   308                           CCP2CON equ 01Dh ;# 
   309  001D                     # 1240 "C:\Program Files (x86)\Microchip\xc8\v2.00\pic\include\pic16f887.h"
   310                           ADRESH equ 01Eh ;# 
   311  001E                     # 1247 "C:\Program Files (x86)\Microchip\xc8\v2.00\pic\include\pic16f887.h"
   312                           ADCON0 equ 01Fh ;# 
   313  001F                     # 1348 "C:\Program Files (x86)\Microchip\xc8\v2.00\pic\include\pic16f887.h"
   314                           OPTION_REG equ 081h ;# 
   315  0081                     # 1418 "C:\Program Files (x86)\Microchip\xc8\v2.00\pic\include\pic16f887.h"
   316                           TRISA equ 085h ;# 
   317  0085                     # 1480 "C:\Program Files (x86)\Microchip\xc8\v2.00\pic\include\pic16f887.h"
   318                           TRISB equ 086h ;# 
   319  0086                     # 1542 "C:\Program Files (x86)\Microchip\xc8\v2.00\pic\include\pic16f887.h"
   320                           TRISC equ 087h ;# 
   321  0087                     # 1604 "C:\Program Files (x86)\Microchip\xc8\v2.00\pic\include\pic16f887.h"
   322                           TRISD equ 088h ;# 
   323  0088                     # 1666 "C:\Program Files (x86)\Microchip\xc8\v2.00\pic\include\pic16f887.h"
   324                           TRISE equ 089h ;# 
   325  0089                     # 1704 "C:\Program Files (x86)\Microchip\xc8\v2.00\pic\include\pic16f887.h"
   326                           PIE1 equ 08Ch ;# 
   327  008C                     # 1760 "C:\Program Files (x86)\Microchip\xc8\v2.00\pic\include\pic16f887.h"
   328                           PIE2 equ 08Dh ;# 
   329  008D                     # 1817 "C:\Program Files (x86)\Microchip\xc8\v2.00\pic\include\pic16f887.h"
   330                           PCON equ 08Eh ;# 
   331  008E                     # 1864 "C:\Program Files (x86)\Microchip\xc8\v2.00\pic\include\pic16f887.h"
   332                           OSCCON equ 08Fh ;# 
   333  008F                     # 1929 "C:\Program Files (x86)\Microchip\xc8\v2.00\pic\include\pic16f887.h"
   334                           OSCTUNE equ 090h ;# 
   335  0090                     # 1981 "C:\Program Files (x86)\Microchip\xc8\v2.00\pic\include\pic16f887.h"
   336                           SSPCON2 equ 091h ;# 
   337  0091                     # 2043 "C:\Program Files (x86)\Microchip\xc8\v2.00\pic\include\pic16f887.h"
   338                           PR2 equ 092h ;# 
   339  0092                     # 2050 "C:\Program Files (x86)\Microchip\xc8\v2.00\pic\include\pic16f887.h"
   340                           SSPADD equ 093h ;# 
   341  0093                     # 2057 "C:\Program Files (x86)\Microchip\xc8\v2.00\pic\include\pic16f887.h"
   342                           SSPMSK equ 093h ;# 
   343  0093                     # 2062 "C:\Program Files (x86)\Microchip\xc8\v2.00\pic\include\pic16f887.h"
   344                           MSK equ 093h ;# 
   345  0093                     # 2179 "C:\Program Files (x86)\Microchip\xc8\v2.00\pic\include\pic16f887.h"
   346                           SSPSTAT equ 094h ;# 
   347  0094                     # 2348 "C:\Program Files (x86)\Microchip\xc8\v2.00\pic\include\pic16f887.h"
   348                           WPUB equ 095h ;# 
   349  0095                     # 2418 "C:\Program Files (x86)\Microchip\xc8\v2.00\pic\include\pic16f887.h"
   350                           IOCB equ 096h ;# 
   351  0096                     # 2488 "C:\Program Files (x86)\Microchip\xc8\v2.00\pic\include\pic16f887.h"
   352                           VRCON equ 097h ;# 
   353  0097                     # 2558 "C:\Program Files (x86)\Microchip\xc8\v2.00\pic\include\pic16f887.h"
   354                           TXSTA equ 098h ;# 
   355  0098                     # 2644 "C:\Program Files (x86)\Microchip\xc8\v2.00\pic\include\pic16f887.h"
   356                           SPBRG equ 099h ;# 
   357  0099                     # 2706 "C:\Program Files (x86)\Microchip\xc8\v2.00\pic\include\pic16f887.h"
   358                           SPBRGH equ 09Ah ;# 
   359  009A                     # 2776 "C:\Program Files (x86)\Microchip\xc8\v2.00\pic\include\pic16f887.h"
   360                           PWM1CON equ 09Bh ;# 
   361  009B                     # 2846 "C:\Program Files (x86)\Microchip\xc8\v2.00\pic\include\pic16f887.h"
   362                           ECCPAS equ 09Ch ;# 
   363  009C                     # 2928 "C:\Program Files (x86)\Microchip\xc8\v2.00\pic\include\pic16f887.h"
   364                           PSTRCON equ 09Dh ;# 
   365  009D                     # 2972 "C:\Program Files (x86)\Microchip\xc8\v2.00\pic\include\pic16f887.h"
   366                           ADRESL equ 09Eh ;# 
   367  009E                     # 2979 "C:\Program Files (x86)\Microchip\xc8\v2.00\pic\include\pic16f887.h"
   368                           ADCON1 equ 09Fh ;# 
   369  009F                     # 3013 "C:\Program Files (x86)\Microchip\xc8\v2.00\pic\include\pic16f887.h"
   370                           WDTCON equ 0105h ;# 
   371  0105                     # 3066 "C:\Program Files (x86)\Microchip\xc8\v2.00\pic\include\pic16f887.h"
   372                           CM1CON0 equ 0107h ;# 
   373  0107                     # 3131 "C:\Program Files (x86)\Microchip\xc8\v2.00\pic\include\pic16f887.h"
   374                           CM2CON0 equ 0108h ;# 
   375  0108                     # 3196 "C:\Program Files (x86)\Microchip\xc8\v2.00\pic\include\pic16f887.h"
   376                           CM2CON1 equ 0109h ;# 
   377  0109                     # 3247 "C:\Program Files (x86)\Microchip\xc8\v2.00\pic\include\pic16f887.h"
   378                           EEDATA equ 010Ch ;# 
   379  010C                     # 3252 "C:\Program Files (x86)\Microchip\xc8\v2.00\pic\include\pic16f887.h"
   380                           EEDAT equ 010Ch ;# 
   381  010C                     # 3259 "C:\Program Files (x86)\Microchip\xc8\v2.00\pic\include\pic16f887.h"
   382                           EEADR equ 010Dh ;# 
   383  010D                     # 3266 "C:\Program Files (x86)\Microchip\xc8\v2.00\pic\include\pic16f887.h"
   384                           EEDATH equ 010Eh ;# 
   385  010E                     # 3273 "C:\Program Files (x86)\Microchip\xc8\v2.00\pic\include\pic16f887.h"
   386                           EEADRH equ 010Fh ;# 
   387  010F                     # 3280 "C:\Program Files (x86)\Microchip\xc8\v2.00\pic\include\pic16f887.h"
   388                           SRCON equ 0185h ;# 
   389  0185                     # 3337 "C:\Program Files (x86)\Microchip\xc8\v2.00\pic\include\pic16f887.h"
   390                           BAUDCTL equ 0187h ;# 
   391  0187                     # 3389 "C:\Program Files (x86)\Microchip\xc8\v2.00\pic\include\pic16f887.h"
   392                           ANSEL equ 0188h ;# 
   393  0188                     # 3451 "C:\Program Files (x86)\Microchip\xc8\v2.00\pic\include\pic16f887.h"
   394                           ANSELH equ 0189h ;# 
   395  0189                     # 3501 "C:\Program Files (x86)\Microchip\xc8\v2.00\pic\include\pic16f887.h"
   396                           EECON1 equ 018Ch ;# 
   397  018C                     # 3546 "C:\Program Files (x86)\Microchip\xc8\v2.00\pic\include\pic16f887.h"
   398                           EECON2 equ 018Dh ;# 
   399  018D                     # 54 "C:\Program Files (x86)\Microchip\xc8\v2.00\pic\include\pic16f887.h"
   400                           INDF equ 00h ;# 
   401  0000                     # 61 "C:\Program Files (x86)\Microchip\xc8\v2.00\pic\include\pic16f887.h"
   402                           TMR0 equ 01h ;# 
   403  0001                     # 68 "C:\Program Files (x86)\Microchip\xc8\v2.00\pic\include\pic16f887.h"
   404                           PCL equ 02h ;# 
   405  0002                     # 75 "C:\Program Files (x86)\Microchip\xc8\v2.00\pic\include\pic16f887.h"
   406                           STATUS equ 03h ;# 
   407  0003                     # 161 "C:\Program Files (x86)\Microchip\xc8\v2.00\pic\include\pic16f887.h"
   408                           FSR equ 04h ;# 
   409  0004                     # 168 "C:\Program Files (x86)\Microchip\xc8\v2.00\pic\include\pic16f887.h"
   410                           PORTA equ 05h ;# 
   411  0005                     # 230 "C:\Program Files (x86)\Microchip\xc8\v2.00\pic\include\pic16f887.h"
   412                           PORTB equ 06h ;# 
   413  0006                     # 292 "C:\Program Files (x86)\Microchip\xc8\v2.00\pic\include\pic16f887.h"
   414                           PORTC equ 07h ;# 
   415  0007                     # 354 "C:\Program Files (x86)\Microchip\xc8\v2.00\pic\include\pic16f887.h"
   416                           PORTD equ 08h ;# 
   417  0008                     # 416 "C:\Program Files (x86)\Microchip\xc8\v2.00\pic\include\pic16f887.h"
   418                           PORTE equ 09h ;# 
   419  0009                     # 454 "C:\Program Files (x86)\Microchip\xc8\v2.00\pic\include\pic16f887.h"
   420                           PCLATH equ 0Ah ;# 
   421  000A                     # 461 "C:\Program Files (x86)\Microchip\xc8\v2.00\pic\include\pic16f887.h"
   422                           INTCON equ 0Bh ;# 
   423  000B                     # 539 "C:\Program Files (x86)\Microchip\xc8\v2.00\pic\include\pic16f887.h"
   424                           PIR1 equ 0Ch ;# 
   425  000C                     # 595 "C:\Program Files (x86)\Microchip\xc8\v2.00\pic\include\pic16f887.h"
   426                           PIR2 equ 0Dh ;# 
   427  000D                     # 652 "C:\Program Files (x86)\Microchip\xc8\v2.00\pic\include\pic16f887.h"
   428                           TMR1 equ 0Eh ;# 
   429  000E                     # 659 "C:\Program Files (x86)\Microchip\xc8\v2.00\pic\include\pic16f887.h"
   430                           TMR1L equ 0Eh ;# 
   431  000E                     # 666 "C:\Program Files (x86)\Microchip\xc8\v2.00\pic\include\pic16f887.h"
   432                           TMR1H equ 0Fh ;# 
   433  000F                     # 673 "C:\Program Files (x86)\Microchip\xc8\v2.00\pic\include\pic16f887.h"
   434                           T1CON equ 010h ;# 
   435  0010                     # 767 "C:\Program Files (x86)\Microchip\xc8\v2.00\pic\include\pic16f887.h"
   436                           TMR2 equ 011h ;# 
   437  0011                     # 774 "C:\Program Files (x86)\Microchip\xc8\v2.00\pic\include\pic16f887.h"
   438                           T2CON equ 012h ;# 
   439  0012                     # 845 "C:\Program Files (x86)\Microchip\xc8\v2.00\pic\include\pic16f887.h"
   440                           SSPBUF equ 013h ;# 
   441  0013                     # 852 "C:\Program Files (x86)\Microchip\xc8\v2.00\pic\include\pic16f887.h"
   442                           SSPCON equ 014h ;# 
   443  0014                     # 922 "C:\Program Files (x86)\Microchip\xc8\v2.00\pic\include\pic16f887.h"
   444                           CCPR1 equ 015h ;# 
   445  0015                     # 929 "C:\Program Files (x86)\Microchip\xc8\v2.00\pic\include\pic16f887.h"
   446                           CCPR1L equ 015h ;# 
   447  0015                     # 936 "C:\Program Files (x86)\Microchip\xc8\v2.00\pic\include\pic16f887.h"
   448                           CCPR1H equ 016h ;# 
   449  0016                     # 943 "C:\Program Files (x86)\Microchip\xc8\v2.00\pic\include\pic16f887.h"
   450                           CCP1CON equ 017h ;# 
   451  0017                     # 1040 "C:\Program Files (x86)\Microchip\xc8\v2.00\pic\include\pic16f887.h"
   452                           RCSTA equ 018h ;# 
   453  0018                     # 1135 "C:\Program Files (x86)\Microchip\xc8\v2.00\pic\include\pic16f887.h"
   454                           TXREG equ 019h ;# 
   455  0019                     # 1142 "C:\Program Files (x86)\Microchip\xc8\v2.00\pic\include\pic16f887.h"
   456                           RCREG equ 01Ah ;# 
   457  001A                     # 1149 "C:\Program Files (x86)\Microchip\xc8\v2.00\pic\include\pic16f887.h"
   458                           CCPR2 equ 01Bh ;# 
   459  001B                     # 1156 "C:\Program Files (x86)\Microchip\xc8\v2.00\pic\include\pic16f887.h"
   460                           CCPR2L equ 01Bh ;# 
   461  001B                     # 1163 "C:\Program Files (x86)\Microchip\xc8\v2.00\pic\include\pic16f887.h"
   462                           CCPR2H equ 01Ch ;# 
   463  001C                     # 1170 "C:\Program Files (x86)\Microchip\xc8\v2.00\pic\include\pic16f887.h"
   464                           CCP2CON equ 01Dh ;# 
   465  001D                     # 1240 "C:\Program Files (x86)\Microchip\xc8\v2.00\pic\include\pic16f887.h"
   466                           ADRESH equ 01Eh ;# 
   467  001E                     # 1247 "C:\Program Files (x86)\Microchip\xc8\v2.00\pic\include\pic16f887.h"
   468                           ADCON0 equ 01Fh ;# 
   469  001F                     # 1348 "C:\Program Files (x86)\Microchip\xc8\v2.00\pic\include\pic16f887.h"
   470                           OPTION_REG equ 081h ;# 
   471  0081                     # 1418 "C:\Program Files (x86)\Microchip\xc8\v2.00\pic\include\pic16f887.h"
   472                           TRISA equ 085h ;# 
   473  0085                     # 1480 "C:\Program Files (x86)\Microchip\xc8\v2.00\pic\include\pic16f887.h"
   474                           TRISB equ 086h ;# 
   475  0086                     # 1542 "C:\Program Files (x86)\Microchip\xc8\v2.00\pic\include\pic16f887.h"
   476                           TRISC equ 087h ;# 
   477  0087                     # 1604 "C:\Program Files (x86)\Microchip\xc8\v2.00\pic\include\pic16f887.h"
   478                           TRISD equ 088h ;# 
   479  0088                     # 1666 "C:\Program Files (x86)\Microchip\xc8\v2.00\pic\include\pic16f887.h"
   480                           TRISE equ 089h ;# 
   481  0089                     # 1704 "C:\Program Files (x86)\Microchip\xc8\v2.00\pic\include\pic16f887.h"
   482                           PIE1 equ 08Ch ;# 
   483  008C                     # 1760 "C:\Program Files (x86)\Microchip\xc8\v2.00\pic\include\pic16f887.h"
   484                           PIE2 equ 08Dh ;# 
   485  008D                     # 1817 "C:\Program Files (x86)\Microchip\xc8\v2.00\pic\include\pic16f887.h"
   486                           PCON equ 08Eh ;# 
   487  008E                     # 1864 "C:\Program Files (x86)\Microchip\xc8\v2.00\pic\include\pic16f887.h"
   488                           OSCCON equ 08Fh ;# 
   489  008F                     # 1929 "C:\Program Files (x86)\Microchip\xc8\v2.00\pic\include\pic16f887.h"
   490                           OSCTUNE equ 090h ;# 
   491  0090                     # 1981 "C:\Program Files (x86)\Microchip\xc8\v2.00\pic\include\pic16f887.h"
   492                           SSPCON2 equ 091h ;# 
   493  0091                     # 2043 "C:\Program Files (x86)\Microchip\xc8\v2.00\pic\include\pic16f887.h"
   494                           PR2 equ 092h ;# 
   495  0092                     # 2050 "C:\Program Files (x86)\Microchip\xc8\v2.00\pic\include\pic16f887.h"
   496                           SSPADD equ 093h ;# 
   497  0093                     # 2057 "C:\Program Files (x86)\Microchip\xc8\v2.00\pic\include\pic16f887.h"
   498                           SSPMSK equ 093h ;# 
   499  0093                     # 2062 "C:\Program Files (x86)\Microchip\xc8\v2.00\pic\include\pic16f887.h"
   500                           MSK equ 093h ;# 
   501  0093                     # 2179 "C:\Program Files (x86)\Microchip\xc8\v2.00\pic\include\pic16f887.h"
   502                           SSPSTAT equ 094h ;# 
   503  0094                     # 2348 "C:\Program Files (x86)\Microchip\xc8\v2.00\pic\include\pic16f887.h"
   504                           WPUB equ 095h ;# 
   505  0095                     # 2418 "C:\Program Files (x86)\Microchip\xc8\v2.00\pic\include\pic16f887.h"
   506                           IOCB equ 096h ;# 
   507  0096                     # 2488 "C:\Program Files (x86)\Microchip\xc8\v2.00\pic\include\pic16f887.h"
   508                           VRCON equ 097h ;# 
   509  0097                     # 2558 "C:\Program Files (x86)\Microchip\xc8\v2.00\pic\include\pic16f887.h"
   510                           TXSTA equ 098h ;# 
   511  0098                     # 2644 "C:\Program Files (x86)\Microchip\xc8\v2.00\pic\include\pic16f887.h"
   512                           SPBRG equ 099h ;# 
   513  0099                     # 2706 "C:\Program Files (x86)\Microchip\xc8\v2.00\pic\include\pic16f887.h"
   514                           SPBRGH equ 09Ah ;# 
   515  009A                     # 2776 "C:\Program Files (x86)\Microchip\xc8\v2.00\pic\include\pic16f887.h"
   516                           PWM1CON equ 09Bh ;# 
   517  009B                     # 2846 "C:\Program Files (x86)\Microchip\xc8\v2.00\pic\include\pic16f887.h"
   518                           ECCPAS equ 09Ch ;# 
   519  009C                     # 2928 "C:\Program Files (x86)\Microchip\xc8\v2.00\pic\include\pic16f887.h"
   520                           PSTRCON equ 09Dh ;# 
   521  009D                     # 2972 "C:\Program Files (x86)\Microchip\xc8\v2.00\pic\include\pic16f887.h"
   522                           ADRESL equ 09Eh ;# 
   523  009E                     # 2979 "C:\Program Files (x86)\Microchip\xc8\v2.00\pic\include\pic16f887.h"
   524                           ADCON1 equ 09Fh ;# 
   525  009F                     # 3013 "C:\Program Files (x86)\Microchip\xc8\v2.00\pic\include\pic16f887.h"
   526                           WDTCON equ 0105h ;# 
   527  0105                     # 3066 "C:\Program Files (x86)\Microchip\xc8\v2.00\pic\include\pic16f887.h"
   528                           CM1CON0 equ 0107h ;# 
   529  0107                     # 3131 "C:\Program Files (x86)\Microchip\xc8\v2.00\pic\include\pic16f887.h"
   530                           CM2CON0 equ 0108h ;# 
   531  0108                     # 3196 "C:\Program Files (x86)\Microchip\xc8\v2.00\pic\include\pic16f887.h"
   532                           CM2CON1 equ 0109h ;# 
   533  0109                     # 3247 "C:\Program Files (x86)\Microchip\xc8\v2.00\pic\include\pic16f887.h"
   534                           EEDATA equ 010Ch ;# 
   535  010C                     # 3252 "C:\Program Files (x86)\Microchip\xc8\v2.00\pic\include\pic16f887.h"
   536                           EEDAT equ 010Ch ;# 
   537  010C                     # 3259 "C:\Program Files (x86)\Microchip\xc8\v2.00\pic\include\pic16f887.h"
   538                           EEADR equ 010Dh ;# 
   539  010D                     # 3266 "C:\Program Files (x86)\Microchip\xc8\v2.00\pic\include\pic16f887.h"
   540                           EEDATH equ 010Eh ;# 
   541  010E                     # 3273 "C:\Program Files (x86)\Microchip\xc8\v2.00\pic\include\pic16f887.h"
   542                           EEADRH equ 010Fh ;# 
   543  010F                     # 3280 "C:\Program Files (x86)\Microchip\xc8\v2.00\pic\include\pic16f887.h"
   544                           SRCON equ 0185h ;# 
   545  0185                     # 3337 "C:\Program Files (x86)\Microchip\xc8\v2.00\pic\include\pic16f887.h"
   546                           BAUDCTL equ 0187h ;# 
   547  0187                     # 3389 "C:\Program Files (x86)\Microchip\xc8\v2.00\pic\include\pic16f887.h"
   548                           ANSEL equ 0188h ;# 
   549  0188                     # 3451 "C:\Program Files (x86)\Microchip\xc8\v2.00\pic\include\pic16f887.h"
   550                           ANSELH equ 0189h ;# 
   551  0189                     # 3501 "C:\Program Files (x86)\Microchip\xc8\v2.00\pic\include\pic16f887.h"
   552                           EECON1 equ 018Ch ;# 
   553  018C                     # 3546 "C:\Program Files (x86)\Microchip\xc8\v2.00\pic\include\pic16f887.h"
   554                           EECON2 equ 018Dh ;# 
   555  018D                     	FNROOT	_main
   556                           	global	_ADRESH
   557                           _ADRESH	set	0x1E
   558  001E                     	global	_ADCON0bits
   559                           _ADCON0bits	set	0x1F
   560  001F                     	global	_ADRESL
   561                           _ADRESL	set	0x9E
   562  009E                     	global	_ADCON1bits
   563                           _ADCON1bits	set	0x9F
   564  009F                     	global	_ANSEL
   565                           _ANSEL	set	0x188
   566  0188                     ; #config settings
   567                           	file	"C:\Users\21193444\AppData\Local\Temp\saso."
   568                           	line	#
   569                           psect cinit,class=CODE,delta=2
   570                           global start_initialization
   571                           start_initialization:
   572  07FC                     
   573                           global __initialization
   574                           __initialization:
   575  07FC                     psect cinit,class=CODE,delta=2,merge=1
   576                           global end_of_initialization,__end_of__initialization
   577                           
   578                           ;End of C runtime variable initialization code
   579                           
   580                           end_of_initialization:
   581  07FC                     __end_of__initialization:
   582  07FC                     clrf status
   583  07FC  0183               ljmp _main	;jump to C main() function
   584  07FD  120A  118A  2FF9   psect	cstackCOMMON,class=COMMON,space=1,noexec
   585                           global __pcstackCOMMON
   586                           __pcstackCOMMON:
   587  0000                     ?_main:	; 1 bytes @ 0x0
   588  0000                     ??_main:	; 1 bytes @ 0x0
   589  0000                     ;!
   590                           ;!Data Sizes:
   591                           ;!    Strings     0
   592                           ;!    Constant    0
   593                           ;!    Data        0
   594                           ;!    BSS         0
   595                           ;!    Persistent  0
   596                           ;!    Stack       0
   597                           ;!
   598                           ;!Auto Spaces:
   599                           ;!    Space          Size  Autos    Used
   600                           ;!    COMMON           14      0       0
   601                           ;!    BANK0            80      0       0
   602                           ;!    BANK1            80      0       0
   603                           ;!    BANK3            96      0       0
   604                           ;!    BANK2            96      0       0
   605                           
   606                           ;!
   607                           ;!Pointer List with Targets:
   608                           ;!
   609                           ;!    None.
   610                           
   611                           
   612                           ;!
   613                           ;!Critical Paths under _main in COMMON
   614                           ;!
   615                           ;!    None.
   616                           ;!
   617                           ;!Critical Paths under _main in BANK0
   618                           ;!
   619                           ;!    None.
   620                           ;!
   621                           ;!Critical Paths under _main in BANK1
   622                           ;!
   623                           ;!    None.
   624                           ;!
   625                           ;!Critical Paths under _main in BANK3
   626                           ;!
   627                           ;!    None.
   628                           ;!
   629                           ;!Critical Paths under _main in BANK2
   630                           ;!
   631                           ;!    None.
   632                           
   633 ;;
   634 ;;Main: autosize = 0, tempsize = 0, incstack = 0, save=0
   635 ;;
   636                           
   637                           ;!
   638                           ;!Call Graph Tables:
   639                           ;!
   640                           ;! ---------------------------------------------------------------------------------
   641                           ;! (Depth) Function   	        Calls       Base Space   Used Autos Params    Refs
   642                           ;! ---------------------------------------------------------------------------------
   643                           ;! (0) _main                                                 0     0      0       0
   644                           ;! ---------------------------------------------------------------------------------
   645                           ;! Estimated maximum stack depth 0
   646                           ;! ---------------------------------------------------------------------------------
   647                           ;!
   648                           ;! Call Graph Graphs:
   649                           ;!
   650                           ;! _main (ROOT)
   651                           ;!
   652                           
   653                           ;! Address spaces:
   654                           
   655                           ;!Name               Size   Autos  Total    Cost      Usage
   656                           ;!BITCOMMON            E      0       0       0        0.0%
   657                           ;!EEDATA             100      0       0       0        0.0%
   658                           ;!NULL                 0      0       0       0        0.0%
   659                           ;!CODE                 0      0       0       0        0.0%
   660                           ;!COMMON               E      0       0       1        0.0%
   661                           ;!BITSFR0              0      0       0       1        0.0%
   662                           ;!SFR0                 0      0       0       1        0.0%
   663                           ;!BITSFR1              0      0       0       2        0.0%
   664                           ;!SFR1                 0      0       0       2        0.0%
   665                           ;!STACK                0      0       0       2        0.0%
   666                           ;!ABS                  0      0       0       3        0.0%
   667                           ;!BITBANK0            50      0       0       4        0.0%
   668                           ;!BITSFR3              0      0       0       4        0.0%
   669                           ;!SFR3                 0      0       0       4        0.0%
   670                           ;!BANK0               50      0       0       5        0.0%
   671                           ;!BITSFR2              0      0       0       5        0.0%
   672                           ;!SFR2                 0      0       0       5        0.0%
   673                           ;!BITBANK1            50      0       0       6        0.0%
   674                           ;!BANK1               50      0       0       7        0.0%
   675                           ;!BITBANK3            60      0       0       8        0.0%
   676                           ;!BANK3               60      0       0       9        0.0%
   677                           ;!BITBANK2            60      0       0      10        0.0%
   678                           ;!BANK2               60      0       0      11        0.0%
   679                           ;!DATA                 0      0       0      12        0.0%
   680                           
   681                           	global	_main
   682                           
   683 ;; *************** function _main *****************
   684 ;; Defined at:
   685 ;;		line 11 in file "LM35.c"
   686 ;; Parameters:    Size  Location     Type
   687 ;;		None
   688 ;; Auto vars:     Size  Location     Type
   689 ;;		None
   690 ;; Return value:  Size  Location     Type
   691 ;;                  1    wreg      void 
   692 ;; Registers used:
   693 ;;		None
   694 ;; Tracked objects:
   695 ;;		On entry : B00/0
   696 ;;		On exit  : 0/0
   697 ;;		Unchanged: 0/0
   698 ;; Data sizes:     COMMON   BANK0   BANK1   BANK3   BANK2
   699 ;;      Params:         0       0       0       0       0
   700 ;;      Locals:         0       0       0       0       0
   701 ;;      Temps:          0       0       0       0       0
   702 ;;      Totals:         0       0       0       0       0
   703 ;;Total ram usage:        0 bytes
   704 ;; This function calls:
   705 ;;		Nothing
   706 ;; This function is called by:
   707 ;;		Startup code after reset
   708 ;; This function uses a non-reentrant model
   709 ;;
   710                           psect	maintext,global,class=CODE,delta=2,split=1,group=0
   711                           	file	"LM35.c"
   712                           	line	11
   713                           global __pmaintext
   714                           __pmaintext:	;psect for function _main
   715  07F9                     psect	maintext
   716                           	file	"LM35.c"
   717                           	line	11
   718                           	global	__size_of_main
   719                           	__size_of_main	equ	__end_of_main-_main
   720  0003                     	
   721                           _main:	
   722  07F9                     ;incstack = 0
   723                           	opt	stack 8
   724                           ; Regs used in _main: []
   725                           	line	12
   726                           	
   727                           l601:	
   728  07F9                     	line	13
   729                           ;LM35.c: 12:     return;
   730                           	
   731                           l5:	
   732  07F9                     	global	start
   733                           	ljmp	start
   734  07F9  120A  118A  2800   	opt stack 0
   735                           GLOBAL	__end_of_main
   736                           	__end_of_main:
   737  07FC                     	signat	_main,89
   738                           global	___latbits
   739                           ___latbits	equ	2
   740  0002                     	global	btemp
   741                           	btemp set 07Eh
   742  007E                     
   743                           	DABS	1,126,2	;btemp
   744                           	global	wtemp0
   745                           	wtemp0 set btemp+0
   746  007E                     	end


Data Sizes:
    Strings     0
    Constant    0
    Data        0
    BSS         0
    Persistent  0
    Stack       0

Auto Spaces:
    Space          Size  Autos    Used
    COMMON           14      0       0
    BANK0            80      0       0
    BANK1            80      0       0
    BANK3            96      0       0
    BANK2            96      0       0

Pointer List with Targets:

    None.

Critical Paths under _main in COMMON

    None.

Critical Paths under _main in BANK0

    None.

Critical Paths under _main in BANK1

    None.

Critical Paths under _main in BANK3

    None.

Critical Paths under _main in BANK2

    None.

Call Graph Tables:

 ---------------------------------------------------------------------------------
 (Depth) Function   	        Calls       Base Space   Used Autos Params    Refs
 ---------------------------------------------------------------------------------
 (0) _main                                                 0     0      0       0
 ---------------------------------------------------------------------------------
 Estimated maximum stack depth 0
 ---------------------------------------------------------------------------------

 Call Graph Graphs:

 _main (ROOT)

 Address spaces:
Name               Size   Autos  Total    Cost      Usage
BITCOMMON            E      0       0       0        0.0%
EEDATA             100      0       0       0        0.0%
NULL                 0      0       0       0        0.0%
CODE                 0      0       0       0        0.0%
COMMON               E      0       0       1        0.0%
BITSFR0              0      0       0       1        0.0%
SFR0                 0      0       0       1        0.0%
BITSFR1              0      0       0       2        0.0%
SFR1                 0      0       0       2        0.0%
STACK                0      0       0       2        0.0%
ABS                  0      0       0       3        0.0%
BITBANK0            50      0       0       4        0.0%
BITSFR3              0      0       0       4        0.0%
SFR3                 0      0       0       4        0.0%
BANK0               50      0       0       5        0.0%
BITSFR2              0      0       0       5        0.0%
SFR2                 0      0       0       5        0.0%
BITBANK1            50      0       0       6        0.0%
BANK1               50      0       0       7        0.0%
BITBANK3            60      0       0       8        0.0%
BANK3               60      0       0       9        0.0%
BITBANK2            60      0       0      10        0.0%
BANK2               60      0       0      11        0.0%
DATA                 0      0       0      12        0.0%


Microchip Technology PIC Macro Assembler V2.00 build -1524193055 
Symbol Table                                                                                   Thu Mar 17 11:16:39 2022

                      l5 07F9                      l601 07F9                     _main 07F9  
                   btemp 007E                     start 0000                    ?_main 0000  
                  _ANSEL 0188                    status 0003                    wtemp0 007E  
        __initialization 07FC             __end_of_main 07FC                   ??_main 0000  
                 _ADRESH 001E                   _ADRESL 009E  __end_of__initialization 07FC  
         __pcstackCOMMON 0000               __pmaintext 07F9     end_of_initialization 07FC  
    start_initialization 07FC                ___latbits 0002               _ADCON0bits 001F  
             _ADCON1bits 009F            __size_of_main 0003  
